<?xml version="1.0" encoding="UTF-8" ?>
<testsuite tests="21" failures="0" name="ca.paymentrails.paymentrails.PaymentRails_PaymentTest" time="5.65" errors="0" skipped="2">
  <properties>
[...]
</properties>
  <testcase classname="ca.paymentrails.paymentrails.PaymentRails_PaymentTest" name="testListAllPaymentsInvalidBatchId" time="0.505"/>
  <testcase classname="ca.paymentrails.paymentrails.PaymentRails_PaymentTest" name="testCreatePaymentInvalidRecipientId" time="0.207"/>
  <testcase classname="ca.paymentrails.paymentrails.PaymentRails_PaymentTest" name="testRetrievePayment" time="0.196"/>
  <testcase classname="ca.paymentrails.paymentrails.PaymentRails_PaymentTest" name="testUpdatePaymentInvalidBatchId" time="1.227"/>
  <testcase classname="ca.paymentrails.paymentrails.PaymentRails_PaymentTest" name="testCreatePayment" time="1.228">
    <skipped/>
  </testcase>
  <testcase classname="ca.paymentrails.paymentrails.PaymentRails_PaymentTest" name="testListAllPayments" time="0.309"/>
  <testcase classname="ca.paymentrails.paymentrails.PaymentRails_PaymentTest" name="testUpdatePayment" time="0.844"/>
  <testcase classname="ca.paymentrails.paymentrails.PaymentRails_PaymentTest" name="testDeletePaymentInvalidBatchId" time="0.289"/>
  <testcase classname="ca.paymentrails.paymentrails.PaymentRails_PaymentTest" name="testRetrievePaymentInvalidPaymentId" time="0.071"/>
  <testcase classname="ca.paymentrails.paymentrails.PaymentRails_PaymentTest" name="testRetrieveRPaymentInvalidAPI" time="0.015"/>
  <testcase classname="ca.paymentrails.paymentrails.PaymentRails_PaymentTest" name="testUpdatePaymentInvalidAPIKey" time="0.015"/>
  <testcase classname="ca.paymentrails.paymentrails.PaymentRails_PaymentTest" name="testListAllPaymentsInvalidAPIKey" time="0.008"/>
  <testcase classname="ca.paymentrails.paymentrails.PaymentRails_PaymentTest" name="testRetrievePaymentInvalidBatchId" time="0.033"/>
  <testcase classname="ca.paymentrails.paymentrails.PaymentRails_PaymentTest" name="testDeletePaymentInvalidPaymentId" time="0.152"/>
  <testcase classname="ca.paymentrails.paymentrails.PaymentRails_PaymentTest" name="testDeletePayment" time="0.152">
    <skipped/>
  </testcase>
  <testcase classname="ca.paymentrails.paymentrails.PaymentRails_PaymentTest" name="testDeletePaymentInvalidAPIKey" time="0.013"/>
  <testcase classname="ca.paymentrails.paymentrails.PaymentRails_PaymentTest" name="testListAllPaymentsWithQueries" time="0.119"/>
  <testcase classname="ca.paymentrails.paymentrails.PaymentRails_PaymentTest" name="testCreatePaymentInvalidBatchId" time="0.556"/>
  <testcase classname="ca.paymentrails.paymentrails.PaymentRails_PaymentTest" name="testUpdatePaymentInvalidSourceAmount" time="0.54"/>
  <testcase classname="ca.paymentrails.paymentrails.PaymentRails_PaymentTest" name="testCreatePaymentInvalidAPI" time="0.032"/>
  <testcase classname="ca.paymentrails.paymentrails.PaymentRails_PaymentTest" name="testUpdatePaymentInvalidPaymentId" time="0.193"/>
</testsuite>