<?xml version="1.0" encoding="UTF-8" ?>
<testsuite tests="23" failures="0" name="ca.paymentrails.paymentrails.PaymentRails_RecipientTest" time="2.476" errors="0" skipped="2">
  <properties>
[...]
</properties>
  <testcase classname="ca.paymentrails.paymentrails.PaymentRails_RecipientTest" name="testCreateRecipientInvalidAPIKey" time="0.083"/>
  <testcase classname="ca.paymentrails.paymentrails.PaymentRails_RecipientTest" name="testRetrieveAlLogsInvalidRecipientId" time="0.084"/>
  <testcase classname="ca.paymentrails.paymentrails.PaymentRails_RecipientTest" name="testRetrieveAllLogsInvalidAPIKey" time="0.04"/>
  <testcase classname="ca.paymentrails.paymentrails.PaymentRails_RecipientTest" name="testListAllRecipients" time="0.125"/>
  <testcase classname="ca.paymentrails.paymentrails.PaymentRails_RecipientTest" name="testDeleteRecipientInvalidAPIKey" time="0.009"/>
  <testcase classname="ca.paymentrails.paymentrails.PaymentRails_RecipientTest" name="testCreateRecipient" time="0.01">
    <skipped/>
  </testcase>
  <testcase classname="ca.paymentrails.paymentrails.PaymentRails_RecipientTest" name="testUpdateRecipientInvalidRecipientId" time="0.862"/>
  <testcase classname="ca.paymentrails.paymentrails.PaymentRails_RecipientTest" name="testListAllRecipientsInvalidAPIKey" time="0.005"/>
  <testcase classname="ca.paymentrails.paymentrails.PaymentRails_RecipientTest" name="testListAllRecipientsWithQueries" time="0.06"/>
  <testcase classname="ca.paymentrails.paymentrails.PaymentRails_RecipientTest" name="testRetrieveAlPaymentsInvalidRecipientId" time="0.041"/>
  <testcase classname="ca.paymentrails.paymentrails.PaymentRails_RecipientTest" name="testRetrieveAlLogs" time="0.184"/>
  <testcase classname="ca.paymentrails.paymentrails.PaymentRails_RecipientTest" name="testUpdateRecipientInvalidAPIKey" time="0.07"/>
  <testcase classname="ca.paymentrails.paymentrails.PaymentRails_RecipientTest" name="testRetrieveAlPayments" time="0.092"/>
  <testcase classname="ca.paymentrails.paymentrails.PaymentRails_RecipientTest" name="testUpdateRecipientInvalidField" time="0.02"/>
  <testcase classname="ca.paymentrails.paymentrails.PaymentRails_RecipientTest" name="testRetrieveRecipient" time="0.134"/>
  <testcase classname="ca.paymentrails.paymentrails.PaymentRails_RecipientTest" name="testRetrieveRecipientInvalidRecipientId" time="0.054"/>
  <testcase classname="ca.paymentrails.paymentrails.PaymentRails_RecipientTest" name="testCreateRecipientInvalidFieldValidation" time="0.032"/>
  <testcase classname="ca.paymentrails.paymentrails.PaymentRails_RecipientTest" name="testDeleteRecipientInvalidRecipientId" time="0.042"/>
  <testcase classname="ca.paymentrails.paymentrails.PaymentRails_RecipientTest" name="testRetrieveRecipientInvalidAPIKey" time="0.011"/>
  <testcase classname="ca.paymentrails.paymentrails.PaymentRails_RecipientTest" name="testCreateRecipientMissingField" time="0.026"/>
  <testcase classname="ca.paymentrails.paymentrails.PaymentRails_RecipientTest" name="testDeleteRecipient" time="0.026">
    <skipped/>
  </testcase>
  <testcase classname="ca.paymentrails.paymentrails.PaymentRails_RecipientTest" name="testRetrieveAlPaymentsInvalidAPIKey" time="0.013"/>
  <testcase classname="ca.paymentrails.paymentrails.PaymentRails_RecipientTest" name="testUpdateRecipient" time="0.174"/>
</testsuite>